{
  "RSpec": {
    "coverage": {
      "C:/Users/alexa/Desktop/online store pre lunch commit/spec/features/add_product_pages_spec.rb": {
        "lines": [
          1,
          null,
          0,
          0,
          0,
          0,
          0,
          0,
          0,
          0,
          0,
          null,
          null
        ]
      },
      "C:/Users/alexa/Desktop/online store pre lunch commit/spec/rails_helper.rb": {
        "lines": [
          null,
          1,
          1,
          1,
          null,
          0,
          0,
          0,
          null,
          null,
          null,
          null,
          null,
          null,
          null,
          null,
          null,
          null,
          null,
          null,
          null,
          null,
          null,
          null,
          null,
          null,
          null,
          null,
          0,
          null,
          0,
          0,
          null,
          0,
          null,
          0,
          null,
          null,
          null,
          null,
          0,
          null,
          null,
          null,
          null,
          null,
          null,
          null,
          null,
          null,
          null,
          null,
          null,
          null,
          null,
          null,
          null,
          null,
          0,
          null,
          null,
          0,
          null,
          null,
          null,
          null,
          0,
          0,
          0,
          0,
          null,
          null
        ]
      },
      "C:/Users/alexa/Desktop/online store pre lunch commit/config/environment.rb": {
        "lines": [
          null,
          1,
          null,
          null,
          0
        ]
      },
      "C:/Users/alexa/Desktop/online store pre lunch commit/config/application.rb": {
        "lines": [
          1,
          null,
          0,
          null,
          0,
          0,
          0,
          0,
          0,
          0,
          0,
          0,
          0,
          0,
          0,
          null,
          null,
          null,
          null,
          0,
          null,
          0,
          0,
          null,
          0,
          null,
          null,
          null,
          null,
          null,
          null,
          null,
          0,
          null,
          null
        ]
      },
      "C:/Users/alexa/Desktop/online store pre lunch commit/config/boot.rb": {
        "lines": [
          1,
          null,
          1,
          0
        ]
      }
    },
    "timestamp": 1603489988
  }
}
